[INFO ] 2017-05-17 15:44:50.972 [localhost-startStop-1] ContextLoader - Root WebApplicationContext: initialization completed in 4082 ms
[INFO ] 2017-05-17 15:44:52.427 [main] RequestMappingHandlerAdapter - Looking for @ControllerAdvice: org.springframework.boot.context.embedded.AnnotationConfigEmbeddedWebApplicationContext@4c12331b: startup date [Wed May 17 15:44:46 CEST 2017]; root of context hierarchy
[INFO ] 2017-05-17 15:44:52.621 [main] RequestMappingHandlerMapping - Mapped "{[/games],methods=[GET]}" onto public java.util.List<com.ballinapp.data.PublicGame> com.ballinapp.controller.GameController.getAllGames()
[INFO ] 2017-05-17 15:44:52.624 [main] RequestMappingHandlerMapping - Mapped "{[/games/{gameId}],methods=[POST]}" onto public void com.ballinapp.controller.GameController.joinGame(int,com.ballinapp.data.Team)
[INFO ] 2017-05-17 15:44:52.625 [main] RequestMappingHandlerMapping - Mapped "{[/games/{city}],methods=[GET]}" onto public java.util.List<com.ballinapp.data.PublicGame> com.ballinapp.controller.GameController.findGamesByCity(java.lang.String)
[INFO ] 2017-05-17 15:44:52.625 [main] RequestMappingHandlerMapping - Mapped "{[/games],methods=[POST]}" onto public void com.ballinapp.controller.GameController.createGame(com.ballinapp.data.PublicGame)
[INFO ] 2017-05-17 15:44:52.628 [main] RequestMappingHandlerMapping - Mapped "{[/requests],methods=[POST]}" onto public void com.ballinapp.controller.RequestController.sendRequest(com.ballinapp.data.Request)
[INFO ] 2017-05-17 15:44:52.628 [main] RequestMappingHandlerMapping - Mapped "{[/requests/{id}],methods=[GET]}" onto public com.ballinapp.data.Request com.ballinapp.controller.RequestController.getRequestById(int)
[INFO ] 2017-05-17 15:44:52.629 [main] RequestMappingHandlerMapping - Mapped "{[/requests/new/{id}],methods=[GET]}" onto public java.util.List<com.ballinapp.data.Request> com.ballinapp.controller.RequestController.getRequests(int)
[INFO ] 2017-05-17 15:44:52.630 [main] RequestMappingHandlerMapping - Mapped "{[/requests/{teamId}],methods=[DELETE]}" onto public void com.ballinapp.controller.RequestController.deleteAllRequests(java.lang.Long)
[INFO ] 2017-05-17 15:44:52.637 [main] RequestMappingHandlerMapping - Mapped "{[/teams],methods=[GET]}" onto public java.util.List<com.ballinapp.data.Team> com.ballinapp.controller.TeamController.getAllTeams()
[INFO ] 2017-05-17 15:44:52.638 [main] RequestMappingHandlerMapping - Mapped "{[/teams/{id}/players],methods=[POST]}" onto public void com.ballinapp.controller.TeamController.addPlayer(com.ballinapp.data.Player,int)
[INFO ] 2017-05-17 15:44:52.639 [main] RequestMappingHandlerMapping - Mapped "{[/teams/{teamId}/players/{id}],methods=[DELETE]}" onto public void com.ballinapp.controller.TeamController.deletePlayer(int)
[INFO ] 2017-05-17 15:44:52.640 [main] RequestMappingHandlerMapping - Mapped "{[/team/{teamName}],methods=[GET]}" onto public com.ballinapp.data.Team com.ballinapp.controller.TeamController.getTeamByName(java.lang.String)
[INFO ] 2017-05-17 15:44:52.640 [main] RequestMappingHandlerMapping - Mapped "{[/teams/{teamId}/players/{id}],methods=[GET]}" onto public com.ballinapp.data.Player com.ballinapp.controller.TeamController.getPlayerById(int)
[INFO ] 2017-05-17 15:44:52.641 [main] RequestMappingHandlerMapping - Mapped "{[/teams/{id}],methods=[GET]}" onto public com.ballinapp.data.Team com.ballinapp.controller.TeamController.getTeam(java.lang.Long)
[INFO ] 2017-05-17 15:44:52.642 [main] RequestMappingHandlerMapping - Mapped "{[/teams],methods=[POST]}" onto public void com.ballinapp.controller.TeamController.addTeam(com.ballinapp.data.Team)
[INFO ] 2017-05-17 15:44:52.642 [main] RequestMappingHandlerMapping - Mapped "{[/cities/{cityName}],methods=[GET]}" onto public java.util.List<com.ballinapp.data.Team> com.ballinapp.controller.TeamController.getTeamsByCity(java.lang.String)
[INFO ] 2017-05-17 15:44:52.643 [main] RequestMappingHandlerMapping - Mapped "{[/teams/{id}],methods=[PUT]}" onto public void com.ballinapp.controller.TeamController.updateTeam(com.ballinapp.data.Team,java.lang.Long)
[INFO ] 2017-05-17 15:44:52.644 [main] RequestMappingHandlerMapping - Mapped "{[/teams/{id}/players],methods=[GET]}" onto public java.util.List<com.ballinapp.data.Player> com.ballinapp.controller.TeamController.getAllPlayersByTeam(java.lang.Long)
[INFO ] 2017-05-17 15:44:52.652 [main] RequestMappingHandlerMapping - Mapped "{[/error]}" onto public org.springframework.http.ResponseEntity<java.util.Map<java.lang.String, java.lang.Object>> org.springframework.boot.autoconfigure.web.BasicErrorController.error(javax.servlet.http.HttpServletRequest)
[INFO ] 2017-05-17 15:44:52.655 [main] RequestMappingHandlerMapping - Mapped "{[/error],produces=[text/html]}" onto public org.springframework.web.servlet.ModelAndView org.springframework.boot.autoconfigure.web.BasicErrorController.errorHtml(javax.servlet.http.HttpServletRequest,javax.servlet.http.HttpServletResponse)
[INFO ] 2017-05-17 15:44:52.791 [main] SimpleUrlHandlerMapping - Mapped URL path [/webjars/**] onto handler of type [class org.springframework.web.servlet.resource.ResourceHttpRequestHandler]
[INFO ] 2017-05-17 15:44:52.791 [main] SimpleUrlHandlerMapping - Mapped URL path [/**] onto handler of type [class org.springframework.web.servlet.resource.ResourceHttpRequestHandler]
[INFO ] 2017-05-17 15:44:52.930 [main] SimpleUrlHandlerMapping - Mapped URL path [/**/favicon.ico] onto handler of type [class org.springframework.web.servlet.resource.ResourceHttpRequestHandler]
[INFO ] 2017-05-17 15:45:11.711 [http-nio-8080-exec-1] DispatcherServlet - FrameworkServlet 'dispatcherServlet': initialization started
[INFO ] 2017-05-17 15:45:11.771 [http-nio-8080-exec-1] DispatcherServlet - FrameworkServlet 'dispatcherServlet': initialization completed in 59 ms
